Determining if the pthread_create exist failed with the following output:
Change Dir: /home/lcausin/Documents/GUI/build/Debug/CMakeFiles/CMakeTmp

Run Build Command:"/usr/bin/make" "cmTC_698aa/fast"
/usr/bin/make -f CMakeFiles/cmTC_698aa.dir/build.make CMakeFiles/cmTC_698aa.dir/build
make[1] : on entre dans le répertoire « /home/lcausin/Documents/GUI/build/Debug/CMakeFiles/CMakeTmp »
Building C object CMakeFiles/cmTC_698aa.dir/CheckSymbolExists.c.o
/usr/bin/gcc    -o CMakeFiles/cmTC_698aa.dir/CheckSymbolExists.c.o   -c /home/lcausin/Documents/GUI/build/Debug/CMakeFiles/CMakeTmp/CheckSymbolExists.c
Linking C executable cmTC_698aa
/usr/bin/cmake -E cmake_link_script CMakeFiles/cmTC_698aa.dir/link.txt --verbose=1
/usr/bin/gcc      -rdynamic CMakeFiles/cmTC_698aa.dir/CheckSymbolExists.c.o  -o cmTC_698aa 
/usr/bin/ld: CMakeFiles/cmTC_698aa.dir/CheckSymbolExists.c.o: in function `main':
CheckSymbolExists.c:(.text+0x1b): undefined reference to `pthread_create'
collect2: error: ld returned 1 exit status
make[1]: *** [CMakeFiles/cmTC_698aa.dir/build.make:87: cmTC_698aa] Error 1
make[1] : on quitte le répertoire « /home/lcausin/Documents/GUI/build/Debug/CMakeFiles/CMakeTmp »
make: *** [Makefile:121: cmTC_698aa/fast] Error 2

File /home/lcausin/Documents/GUI/build/Debug/CMakeFiles/CMakeTmp/CheckSymbolExists.c:
/* */
#include <pthread.h>

int main(int argc, char** argv)
{
  (void)argv;
#ifndef pthread_create
  return ((int*)(&pthread_create))[argc];
#else
  (void)argc;
  return 0;
#endif
}

Determining if the function pthread_create exists in the pthreads failed with the following output:
Change Dir: /home/lcausin/Documents/GUI/build/Debug/CMakeFiles/CMakeTmp

Run Build Command:"/usr/bin/make" "cmTC_dd72b/fast"
/usr/bin/make -f CMakeFiles/cmTC_dd72b.dir/build.make CMakeFiles/cmTC_dd72b.dir/build
make[1] : on entre dans le répertoire « /home/lcausin/Documents/GUI/build/Debug/CMakeFiles/CMakeTmp »
Building C object CMakeFiles/cmTC_dd72b.dir/CheckFunctionExists.c.o
/usr/bin/gcc   -DCHECK_FUNCTION_EXISTS=pthread_create   -o CMakeFiles/cmTC_dd72b.dir/CheckFunctionExists.c.o   -c /usr/share/cmake-3.12/Modules/CheckFunctionExists.c
Linking C executable cmTC_dd72b
/usr/bin/cmake -E cmake_link_script CMakeFiles/cmTC_dd72b.dir/link.txt --verbose=1
/usr/bin/gcc  -DCHECK_FUNCTION_EXISTS=pthread_create    -rdynamic CMakeFiles/cmTC_dd72b.dir/CheckFunctionExists.c.o  -o cmTC_dd72b -lpthreads 
/usr/bin/ld : ne peut trouver -lpthreads
collect2: error: ld returned 1 exit status
make[1]: *** [CMakeFiles/cmTC_dd72b.dir/build.make:87: cmTC_dd72b] Error 1
make[1] : on quitte le répertoire « /home/lcausin/Documents/GUI/build/Debug/CMakeFiles/CMakeTmp »
make: *** [Makefile:121: cmTC_dd72b/fast] Error 2


