The target system is: Android - 21 - aarch64
The host system is: Linux - 4.18.0-16-generic - x86_64
Compiling the C compiler identification source file "CMakeCCompilerId.c" succeeded.
Compiler: /opt/android-ndk/toolchains/aarch64-linux-android-4.9/prebuilt/linux-x86_64/bin/aarch64-linux-android-gcc 
Build flags: 
Id flags: -c 

The output was:
0


Compilation of the C compiler identification source "CMakeCCompilerId.c" produced "CMakeCCompilerId.o"

The C compiler identification is GNU, found in "/home/lcausin/Documents/GUI/Cooking/ANDROID/arm64-v8a/CMakeFiles/3.12.1/CompilerIdC/CMakeCCompilerId.o"

Compiling the CXX compiler identification source file "CMakeCXXCompilerId.cpp" succeeded.
Compiler: /opt/android-ndk/toolchains/aarch64-linux-android-4.9/prebuilt/linux-x86_64/bin/aarch64-linux-android-g++ 
Build flags: 
Id flags: -c 

The output was:
0


Compilation of the CXX compiler identification source "CMakeCXXCompilerId.cpp" produced "CMakeCXXCompilerId.o"

The CXX compiler identification is GNU, found in "/home/lcausin/Documents/GUI/Cooking/ANDROID/arm64-v8a/CMakeFiles/3.12.1/CompilerIdCXX/CMakeCXXCompilerId.o"

Determining if the C compiler works passed with the following output:
Change Dir: /home/lcausin/Documents/GUI/Cooking/ANDROID/arm64-v8a/CMakeFiles/CMakeTmp

Run Build Command:"/opt/android-ndk/prebuilt/linux-x86_64/bin/make" "cmTC_551f9/fast"
/opt/android-ndk/prebuilt/linux-x86_64/bin/make -f CMakeFiles/cmTC_551f9.dir/build.make CMakeFiles/cmTC_551f9.dir/build
make[1]: Entering directory `/home/lcausin/Documents/GUI/Cooking/ANDROID/arm64-v8a/CMakeFiles/CMakeTmp'
Building C object CMakeFiles/cmTC_551f9.dir/testCCompiler.c.o
/opt/android-ndk/toolchains/aarch64-linux-android-4.9/prebuilt/linux-x86_64/bin/aarch64-linux-android-gcc --sysroot=/opt/android-ndk/platforms/android-21/arch-arm64  -isystem /opt/android-ndk/platforms/android-21/arch-arm64/usr/include  -funwind-tables -no-canonical-prefixes -fexceptions  -g -fPIE   -o CMakeFiles/cmTC_551f9.dir/testCCompiler.c.o   -c /home/lcausin/Documents/GUI/Cooking/ANDROID/arm64-v8a/CMakeFiles/CMakeTmp/testCCompiler.c
Linking C executable cmTC_551f9
/usr/bin/cmake -E cmake_link_script CMakeFiles/cmTC_551f9.dir/link.txt --verbose=1
/opt/android-ndk/toolchains/aarch64-linux-android-4.9/prebuilt/linux-x86_64/bin/aarch64-linux-android-gcc --sysroot=/opt/android-ndk/platforms/android-21/arch-arm64 -funwind-tables -no-canonical-prefixes -fexceptions  -g  -fPIE -pie -Wl,--gc-sections  CMakeFiles/cmTC_551f9.dir/testCCompiler.c.o  -o cmTC_551f9 
make[1]: Leaving directory `/home/lcausin/Documents/GUI/Cooking/ANDROID/arm64-v8a/CMakeFiles/CMakeTmp'


Detecting C compiler ABI info compiled with the following output:
Change Dir: /home/lcausin/Documents/GUI/Cooking/ANDROID/arm64-v8a/CMakeFiles/CMakeTmp

Run Build Command:"/opt/android-ndk/prebuilt/linux-x86_64/bin/make" "cmTC_3829b/fast"
/opt/android-ndk/prebuilt/linux-x86_64/bin/make -f CMakeFiles/cmTC_3829b.dir/build.make CMakeFiles/cmTC_3829b.dir/build
make[1]: Entering directory `/home/lcausin/Documents/GUI/Cooking/ANDROID/arm64-v8a/CMakeFiles/CMakeTmp'
Building C object CMakeFiles/cmTC_3829b.dir/CMakeCCompilerABI.c.o
/opt/android-ndk/toolchains/aarch64-linux-android-4.9/prebuilt/linux-x86_64/bin/aarch64-linux-android-gcc --sysroot=/opt/android-ndk/platforms/android-21/arch-arm64  -isystem /opt/android-ndk/platforms/android-21/arch-arm64/usr/include  -funwind-tables -no-canonical-prefixes -fexceptions  -g -fPIE   -o CMakeFiles/cmTC_3829b.dir/CMakeCCompilerABI.c.o   -c /usr/share/cmake-3.12/Modules/CMakeCCompilerABI.c
Linking C executable cmTC_3829b
/usr/bin/cmake -E cmake_link_script CMakeFiles/cmTC_3829b.dir/link.txt --verbose=1
/opt/android-ndk/toolchains/aarch64-linux-android-4.9/prebuilt/linux-x86_64/bin/aarch64-linux-android-gcc --sysroot=/opt/android-ndk/platforms/android-21/arch-arm64 -funwind-tables -no-canonical-prefixes -fexceptions  -g  -fPIE -pie -Wl,--gc-sections -v CMakeFiles/cmTC_3829b.dir/CMakeCCompilerABI.c.o  -o cmTC_3829b 
Using built-in specs.
COLLECT_GCC=/opt/android-ndk/toolchains/aarch64-linux-android-4.9/prebuilt/linux-x86_64/bin/aarch64-linux-android-gcc
COLLECT_LTO_WRAPPER=/opt/android-ndk/toolchains/aarch64-linux-android-4.9/prebuilt/linux-x86_64/bin/../libexec/gcc/aarch64-linux-android/4.9.x/lto-wrapper
Target: aarch64-linux-android
Configured with: /usr/local/google/buildbot/src/android/gcc/toolchain/build/../gcc/gcc-4.9/configure --prefix=/tmp/8ee0b8157b3409c4b84fff35696d6c90 --target=aarch64-linux-android --host=x86_64-linux-gnu --build=x86_64-linux-gnu --with-gnu-as --with-gnu-ld --enable-languages=c,c++ --with-gmp=/buildbot/tmp/build/toolchain/temp-install --with-mpfr=/buildbot/tmp/build/toolchain/temp-install --with-mpc=/buildbot/tmp/build/toolchain/temp-install --with-cloog=/buildbot/tmp/build/toolchain/temp-install --with-isl=/buildbot/tmp/build/toolchain/temp-install --with-ppl=/buildbot/tmp/build/toolchain/temp-install --disable-ppl-version-check --disable-cloog-version-check --disable-isl-version-check --enable-cloog-backend=isl --with-host-libstdcxx='-static-libgcc -Wl,-Bstatic,-lstdc++,-Bdynamic -lm' --disable-libssp --enable-threads --disable-nls --disable-libmudflap --disable-libgomp --disable-libstdc__-v3 --disable-sjlj-exceptions --disable-shared --disable-tls --disable-libitm --enable-bionic-libs --enable-libatomic-ifuncs=no --enable-initfini-array --disable-nls --prefix=/tmp/8ee0b8157b3409c4b84fff35696d6c90 --with-sysroot=/tmp/8ee0b8157b3409c4b84fff35696d6c90/sysroot --with-binutils-version=2.25 --with-mpfr-version=3.1.1 --with-mpc-version=1.0.1 --with-gmp-version=5.0.5 --with-gcc-version=4.9 --with-gdb-version=none --with-gxx-include-dir=/tmp/8ee0b8157b3409c4b84fff35696d6c90/include/c++/4.9.x --with-bugurl=http://source.android.com/source/report-bugs.html --enable-languages=c,c++ --disable-bootstrap --enable-plugins --enable-libgomp --enable-gnu-indirect-function --disable-libsanitizer --enable-gold --enable-ld=default --enable-threads --enable-eh-frame-hdr-for-static --enable-fix-cortex-a53-835769 --enable-graphite=yes --with-isl-version=0.11.1 --with-cloog-version=0.18.0 --program-transform-name='s&^&aarch64-linux-android-&' --enable-gold
Thread model: posix
gcc version 4.9.x 20150123 (prerelease) (GCC) 
COMPILER_PATH=/opt/android-ndk/toolchains/aarch64-linux-android-4.9/prebuilt/linux-x86_64/bin/../libexec/gcc/aarch64-linux-android/4.9.x/:/opt/android-ndk/toolchains/aarch64-linux-android-4.9/prebuilt/linux-x86_64/bin/../libexec/gcc/:/opt/android-ndk/toolchains/aarch64-linux-android-4.9/prebuilt/linux-x86_64/bin/../lib/gcc/aarch64-linux-android/4.9.x/../../../../aarch64-linux-android/bin/
LIBRARY_PATH=/opt/android-ndk/toolchains/aarch64-linux-android-4.9/prebuilt/linux-x86_64/bin/../lib/gcc/aarch64-linux-android/4.9.x/:/opt/android-ndk/toolchains/aarch64-linux-android-4.9/prebuilt/linux-x86_64/bin/../lib/gcc/:/opt/android-ndk/toolchains/aarch64-linux-android-4.9/prebuilt/linux-x86_64/bin/../lib/gcc/aarch64-linux-android/4.9.x/../../../../aarch64-linux-android/lib/../lib64/:/opt/android-ndk/toolchains/aarch64-linux-android-4.9/prebuilt/linux-x86_64/bin/../lib/gcc/aarch64-linux-android/4.9.x/../../../../aarch64-linux-android/lib/:/opt/android-ndk/platforms/android-21/arch-arm64/usr/lib/
COLLECT_GCC_OPTIONS='-funwind-tables' '-fexceptions' '-g' '-fPIE' '-pie' '-v' '-o' 'cmTC_3829b' '-mlittle-endian' '-mabi=lp64'
 /opt/android-ndk/toolchains/aarch64-linux-android-4.9/prebuilt/linux-x86_64/bin/../libexec/gcc/aarch64-linux-android/4.9.x/collect2 -plugin /opt/android-ndk/toolchains/aarch64-linux-android-4.9/prebuilt/linux-x86_64/bin/../libexec/gcc/aarch64-linux-android/4.9.x/liblto_plugin.so -plugin-opt=/opt/android-ndk/toolchains/aarch64-linux-android-4.9/prebuilt/linux-x86_64/bin/../libexec/gcc/aarch64-linux-android/4.9.x/lto-wrapper -plugin-opt=-fresolution=/tmp/ccbgkePL.res -plugin-opt=-pass-through=-lgcc -plugin-opt=-pass-through=-lc -plugin-opt=-pass-through=-ldl -plugin-opt=-pass-through=-lgcc --sysroot=/opt/android-ndk/platforms/android-21/arch-arm64 --eh-frame-hdr -dynamic-linker /system/bin/linker64 -X -EL -maarch64linux --fix-cortex-a53-835769 --fix-cortex-a53-843419 -z noexecstack -z relro -z now -pie -o cmTC_3829b /opt/android-ndk/platforms/android-21/arch-arm64/usr/lib/crtbegin_dynamic.o -L/opt/android-ndk/toolchains/aarch64-linux-android-4.9/prebuilt/linux-x86_64/bin/../lib/gcc/aarch64-linux-android/4.9.x -L/opt/android-ndk/toolchains/aarch64-linux-android-4.9/prebuilt/linux-x86_64/bin/../lib/gcc -L/opt/android-ndk/toolchains/aarch64-linux-android-4.9/prebuilt/linux-x86_64/bin/../lib/gcc/aarch64-linux-android/4.9.x/../../../../aarch64-linux-android/lib/../lib64 -L/opt/android-ndk/toolchains/aarch64-linux-android-4.9/prebuilt/linux-x86_64/bin/../lib/gcc/aarch64-linux-android/4.9.x/../../../../aarch64-linux-android/lib -L/opt/android-ndk/platforms/android-21/arch-arm64/usr/lib --gc-sections CMakeFiles/cmTC_3829b.dir/CMakeCCompilerABI.c.o -lgcc -lc -ldl -lgcc /opt/android-ndk/platforms/android-21/arch-arm64/usr/lib/crtend_android.o
make[1]: Leaving directory `/home/lcausin/Documents/GUI/Cooking/ANDROID/arm64-v8a/CMakeFiles/CMakeTmp'


Parsed C implicit link information from above output:
  link line regex: [^( *|.*[/\])(aarch64-linux-android-ld|CMAKE_LINK_STARTFILE-NOTFOUND|([^/\]+-)?ld|collect2)[^/\]*( |$)]
  ignore line: [Change Dir: /home/lcausin/Documents/GUI/Cooking/ANDROID/arm64-v8a/CMakeFiles/CMakeTmp]
  ignore line: []
  ignore line: [Run Build Command:"/opt/android-ndk/prebuilt/linux-x86_64/bin/make" "cmTC_3829b/fast"]
  ignore line: [/opt/android-ndk/prebuilt/linux-x86_64/bin/make -f CMakeFiles/cmTC_3829b.dir/build.make CMakeFiles/cmTC_3829b.dir/build]
  ignore line: [make[1]: Entering directory `/home/lcausin/Documents/GUI/Cooking/ANDROID/arm64-v8a/CMakeFiles/CMakeTmp']
  ignore line: [Building C object CMakeFiles/cmTC_3829b.dir/CMakeCCompilerABI.c.o]
  ignore line: [/opt/android-ndk/toolchains/aarch64-linux-android-4.9/prebuilt/linux-x86_64/bin/aarch64-linux-android-gcc --sysroot=/opt/android-ndk/platforms/android-21/arch-arm64  -isystem /opt/android-ndk/platforms/android-21/arch-arm64/usr/include  -funwind-tables -no-canonical-prefixes -fexceptions  -g -fPIE   -o CMakeFiles/cmTC_3829b.dir/CMakeCCompilerABI.c.o   -c /usr/share/cmake-3.12/Modules/CMakeCCompilerABI.c]
  ignore line: [Linking C executable cmTC_3829b]
  ignore line: [/usr/bin/cmake -E cmake_link_script CMakeFiles/cmTC_3829b.dir/link.txt --verbose=1]
  ignore line: [/opt/android-ndk/toolchains/aarch64-linux-android-4.9/prebuilt/linux-x86_64/bin/aarch64-linux-android-gcc --sysroot=/opt/android-ndk/platforms/android-21/arch-arm64 -funwind-tables -no-canonical-prefixes -fexceptions  -g  -fPIE -pie -Wl,--gc-sections -v CMakeFiles/cmTC_3829b.dir/CMakeCCompilerABI.c.o  -o cmTC_3829b ]
  ignore line: [Using built-in specs.]
  ignore line: [COLLECT_GCC=/opt/android-ndk/toolchains/aarch64-linux-android-4.9/prebuilt/linux-x86_64/bin/aarch64-linux-android-gcc]
  ignore line: [COLLECT_LTO_WRAPPER=/opt/android-ndk/toolchains/aarch64-linux-android-4.9/prebuilt/linux-x86_64/bin/../libexec/gcc/aarch64-linux-android/4.9.x/lto-wrapper]
  ignore line: [Target: aarch64-linux-android]
  ignore line: [Configured with: /usr/local/google/buildbot/src/android/gcc/toolchain/build/../gcc/gcc-4.9/configure --prefix=/tmp/8ee0b8157b3409c4b84fff35696d6c90 --target=aarch64-linux-android --host=x86_64-linux-gnu --build=x86_64-linux-gnu --with-gnu-as --with-gnu-ld --enable-languages=c,c++ --with-gmp=/buildbot/tmp/build/toolchain/temp-install --with-mpfr=/buildbot/tmp/build/toolchain/temp-install --with-mpc=/buildbot/tmp/build/toolchain/temp-install --with-cloog=/buildbot/tmp/build/toolchain/temp-install --with-isl=/buildbot/tmp/build/toolchain/temp-install --with-ppl=/buildbot/tmp/build/toolchain/temp-install --disable-ppl-version-check --disable-cloog-version-check --disable-isl-version-check --enable-cloog-backend=isl --with-host-libstdcxx='-static-libgcc -Wl,-Bstatic,-lstdc++,-Bdynamic -lm' --disable-libssp --enable-threads --disable-nls --disable-libmudflap --disable-libgomp --disable-libstdc__-v3 --disable-sjlj-exceptions --disable-shared --disable-tls --disable-libitm --enable-bionic-libs --enable-libatomic-ifuncs=no --enable-initfini-array --disable-nls --prefix=/tmp/8ee0b8157b3409c4b84fff35696d6c90 --with-sysroot=/tmp/8ee0b8157b3409c4b84fff35696d6c90/sysroot --with-binutils-version=2.25 --with-mpfr-version=3.1.1 --with-mpc-version=1.0.1 --with-gmp-version=5.0.5 --with-gcc-version=4.9 --with-gdb-version=none --with-gxx-include-dir=/tmp/8ee0b8157b3409c4b84fff35696d6c90/include/c++/4.9.x --with-bugurl=http://source.android.com/source/report-bugs.html --enable-languages=c,c++ --disable-bootstrap --enable-plugins --enable-libgomp --enable-gnu-indirect-function --disable-libsanitizer --enable-gold --enable-ld=default --enable-threads --enable-eh-frame-hdr-for-static --enable-fix-cortex-a53-835769 --enable-graphite=yes --with-isl-version=0.11.1 --with-cloog-version=0.18.0 --program-transform-name='s&^&aarch64-linux-android-&' --enable-gold]
  ignore line: [Thread model: posix]
  ignore line: [gcc version 4.9.x 20150123 (prerelease) (GCC) ]
  ignore line: [COMPILER_PATH=/opt/android-ndk/toolchains/aarch64-linux-android-4.9/prebuilt/linux-x86_64/bin/../libexec/gcc/aarch64-linux-android/4.9.x/:/opt/android-ndk/toolchains/aarch64-linux-android-4.9/prebuilt/linux-x86_64/bin/../libexec/gcc/:/opt/android-ndk/toolchains/aarch64-linux-android-4.9/prebuilt/linux-x86_64/bin/../lib/gcc/aarch64-linux-android/4.9.x/../../../../aarch64-linux-android/bin/]
  ignore line: [LIBRARY_PATH=/opt/android-ndk/toolchains/aarch64-linux-android-4.9/prebuilt/linux-x86_64/bin/../lib/gcc/aarch64-linux-android/4.9.x/:/opt/android-ndk/toolchains/aarch64-linux-android-4.9/prebuilt/linux-x86_64/bin/../lib/gcc/:/opt/android-ndk/toolchains/aarch64-linux-android-4.9/prebuilt/linux-x86_64/bin/../lib/gcc/aarch64-linux-android/4.9.x/../../../../aarch64-linux-android/lib/../lib64/:/opt/android-ndk/toolchains/aarch64-linux-android-4.9/prebuilt/linux-x86_64/bin/../lib/gcc/aarch64-linux-android/4.9.x/../../../../aarch64-linux-android/lib/:/opt/android-ndk/platforms/android-21/arch-arm64/usr/lib/]
  ignore line: [COLLECT_GCC_OPTIONS='-funwind-tables' '-fexceptions' '-g' '-fPIE' '-pie' '-v' '-o' 'cmTC_3829b' '-mlittle-endian' '-mabi=lp64']
  link line: [ /opt/android-ndk/toolchains/aarch64-linux-android-4.9/prebuilt/linux-x86_64/bin/../libexec/gcc/aarch64-linux-android/4.9.x/collect2 -plugin /opt/android-ndk/toolchains/aarch64-linux-android-4.9/prebuilt/linux-x86_64/bin/../libexec/gcc/aarch64-linux-android/4.9.x/liblto_plugin.so -plugin-opt=/opt/android-ndk/toolchains/aarch64-linux-android-4.9/prebuilt/linux-x86_64/bin/../libexec/gcc/aarch64-linux-android/4.9.x/lto-wrapper -plugin-opt=-fresolution=/tmp/ccbgkePL.res -plugin-opt=-pass-through=-lgcc -plugin-opt=-pass-through=-lc -plugin-opt=-pass-through=-ldl -plugin-opt=-pass-through=-lgcc --sysroot=/opt/android-ndk/platforms/android-21/arch-arm64 --eh-frame-hdr -dynamic-linker /system/bin/linker64 -X -EL -maarch64linux --fix-cortex-a53-835769 --fix-cortex-a53-843419 -z noexecstack -z relro -z now -pie -o cmTC_3829b /opt/android-ndk/platforms/android-21/arch-arm64/usr/lib/crtbegin_dynamic.o -L/opt/android-ndk/toolchains/aarch64-linux-android-4.9/prebuilt/linux-x86_64/bin/../lib/gcc/aarch64-linux-android/4.9.x -L/opt/android-ndk/toolchains/aarch64-linux-android-4.9/prebuilt/linux-x86_64/bin/../lib/gcc -L/opt/android-ndk/toolchains/aarch64-linux-android-4.9/prebuilt/linux-x86_64/bin/../lib/gcc/aarch64-linux-android/4.9.x/../../../../aarch64-linux-android/lib/../lib64 -L/opt/android-ndk/toolchains/aarch64-linux-android-4.9/prebuilt/linux-x86_64/bin/../lib/gcc/aarch64-linux-android/4.9.x/../../../../aarch64-linux-android/lib -L/opt/android-ndk/platforms/android-21/arch-arm64/usr/lib --gc-sections CMakeFiles/cmTC_3829b.dir/CMakeCCompilerABI.c.o -lgcc -lc -ldl -lgcc /opt/android-ndk/platforms/android-21/arch-arm64/usr/lib/crtend_android.o]
    arg [/opt/android-ndk/toolchains/aarch64-linux-android-4.9/prebuilt/linux-x86_64/bin/../libexec/gcc/aarch64-linux-android/4.9.x/collect2] ==> ignore
    arg [-plugin] ==> ignore
    arg [/opt/android-ndk/toolchains/aarch64-linux-android-4.9/prebuilt/linux-x86_64/bin/../libexec/gcc/aarch64-linux-android/4.9.x/liblto_plugin.so] ==> ignore
    arg [-plugin-opt=/opt/android-ndk/toolchains/aarch64-linux-android-4.9/prebuilt/linux-x86_64/bin/../libexec/gcc/aarch64-linux-android/4.9.x/lto-wrapper] ==> ignore
    arg [-plugin-opt=-fresolution=/tmp/ccbgkePL.res] ==> ignore
    arg [-plugin-opt=-pass-through=-lgcc] ==> ignore
    arg [-plugin-opt=-pass-through=-lc] ==> ignore
    arg [-plugin-opt=-pass-through=-ldl] ==> ignore
    arg [-plugin-opt=-pass-through=-lgcc] ==> ignore
    arg [--sysroot=/opt/android-ndk/platforms/android-21/arch-arm64] ==> ignore
    arg [--eh-frame-hdr] ==> ignore
    arg [-dynamic-linker] ==> ignore
    arg [/system/bin/linker64] ==> ignore
    arg [-X] ==> ignore
    arg [-EL] ==> ignore
    arg [-maarch64linux] ==> ignore
    arg [--fix-cortex-a53-835769] ==> ignore
    arg [--fix-cortex-a53-843419] ==> ignore
    arg [-znoexecstack] ==> ignore
    arg [-zrelro] ==> ignore
    arg [-znow] ==> ignore
    arg [-pie] ==> ignore
    arg [-o] ==> ignore
    arg [cmTC_3829b] ==> ignore
    arg [/opt/android-ndk/platforms/android-21/arch-arm64/usr/lib/crtbegin_dynamic.o] ==> ignore
    arg [-L/opt/android-ndk/toolchains/aarch64-linux-android-4.9/prebuilt/linux-x86_64/bin/../lib/gcc/aarch64-linux-android/4.9.x] ==> dir [/opt/android-ndk/toolchains/aarch64-linux-android-4.9/prebuilt/linux-x86_64/bin/../lib/gcc/aarch64-linux-android/4.9.x]
    arg [-L/opt/android-ndk/toolchains/aarch64-linux-android-4.9/prebuilt/linux-x86_64/bin/../lib/gcc] ==> dir [/opt/android-ndk/toolchains/aarch64-linux-android-4.9/prebuilt/linux-x86_64/bin/../lib/gcc]
    arg [-L/opt/android-ndk/toolchains/aarch64-linux-android-4.9/prebuilt/linux-x86_64/bin/../lib/gcc/aarch64-linux-android/4.9.x/../../../../aarch64-linux-android/lib/../lib64] ==> dir [/opt/android-ndk/toolchains/aarch64-linux-android-4.9/prebuilt/linux-x86_64/bin/../lib/gcc/aarch64-linux-android/4.9.x/../../../../aarch64-linux-android/lib/../lib64]
    arg [-L/opt/android-ndk/toolchains/aarch64-linux-android-4.9/prebuilt/linux-x86_64/bin/../lib/gcc/aarch64-linux-android/4.9.x/../../../../aarch64-linux-android/lib] ==> dir [/opt/android-ndk/toolchains/aarch64-linux-android-4.9/prebuilt/linux-x86_64/bin/../lib/gcc/aarch64-linux-android/4.9.x/../../../../aarch64-linux-android/lib]
    arg [-L/opt/android-ndk/platforms/android-21/arch-arm64/usr/lib] ==> dir [/opt/android-ndk/platforms/android-21/arch-arm64/usr/lib]
    arg [--gc-sections] ==> ignore
    arg [CMakeFiles/cmTC_3829b.dir/CMakeCCompilerABI.c.o] ==> ignore
    arg [-lgcc] ==> lib [gcc]
    arg [-lc] ==> lib [c]
    arg [-ldl] ==> lib [dl]
    arg [-lgcc] ==> lib [gcc]
    arg [/opt/android-ndk/platforms/android-21/arch-arm64/usr/lib/crtend_android.o] ==> ignore
  collapse library dir [/opt/android-ndk/toolchains/aarch64-linux-android-4.9/prebuilt/linux-x86_64/bin/../lib/gcc/aarch64-linux-android/4.9.x] ==> [/opt/android-ndk/toolchains/aarch64-linux-android-4.9/prebuilt/linux-x86_64/lib/gcc/aarch64-linux-android/4.9.x]
  collapse library dir [/opt/android-ndk/toolchains/aarch64-linux-android-4.9/prebuilt/linux-x86_64/bin/../lib/gcc] ==> [/opt/android-ndk/toolchains/aarch64-linux-android-4.9/prebuilt/linux-x86_64/lib/gcc]
  collapse library dir [/opt/android-ndk/toolchains/aarch64-linux-android-4.9/prebuilt/linux-x86_64/bin/../lib/gcc/aarch64-linux-android/4.9.x/../../../../aarch64-linux-android/lib/../lib64] ==> [/opt/android-ndk/toolchains/aarch64-linux-android-4.9/prebuilt/linux-x86_64/aarch64-linux-android/lib64]
  collapse library dir [/opt/android-ndk/toolchains/aarch64-linux-android-4.9/prebuilt/linux-x86_64/bin/../lib/gcc/aarch64-linux-android/4.9.x/../../../../aarch64-linux-android/lib] ==> [/opt/android-ndk/toolchains/aarch64-linux-android-4.9/prebuilt/linux-x86_64/aarch64-linux-android/lib]
  collapse library dir [/opt/android-ndk/platforms/android-21/arch-arm64/usr/lib] ==> [/opt/android-ndk/platforms/android-21/arch-arm64/usr/lib]
  implicit libs: [gcc;c;dl;gcc]
  implicit dirs: [/opt/android-ndk/toolchains/aarch64-linux-android-4.9/prebuilt/linux-x86_64/lib/gcc/aarch64-linux-android/4.9.x;/opt/android-ndk/toolchains/aarch64-linux-android-4.9/prebuilt/linux-x86_64/lib/gcc;/opt/android-ndk/toolchains/aarch64-linux-android-4.9/prebuilt/linux-x86_64/aarch64-linux-android/lib64;/opt/android-ndk/toolchains/aarch64-linux-android-4.9/prebuilt/linux-x86_64/aarch64-linux-android/lib;/opt/android-ndk/platforms/android-21/arch-arm64/usr/lib]
  implicit fwks: []




Detecting C [-std=c11] compiler features compiled with the following output:
Change Dir: /home/lcausin/Documents/GUI/Cooking/ANDROID/arm64-v8a/CMakeFiles/CMakeTmp

Run Build Command:"/opt/android-ndk/prebuilt/linux-x86_64/bin/make" "cmTC_c329e/fast"
/opt/android-ndk/prebuilt/linux-x86_64/bin/make -f CMakeFiles/cmTC_c329e.dir/build.make CMakeFiles/cmTC_c329e.dir/build
make[1]: Entering directory `/home/lcausin/Documents/GUI/Cooking/ANDROID/arm64-v8a/CMakeFiles/CMakeTmp'
Building C object CMakeFiles/cmTC_c329e.dir/feature_tests.c.o
/opt/android-ndk/toolchains/aarch64-linux-android-4.9/prebuilt/linux-x86_64/bin/aarch64-linux-android-gcc --sysroot=/opt/android-ndk/platforms/android-21/arch-arm64  -isystem /opt/android-ndk/platforms/android-21/arch-arm64/usr/include  -funwind-tables -no-canonical-prefixes -fexceptions  -g -fPIE   -std=c11 -o CMakeFiles/cmTC_c329e.dir/feature_tests.c.o   -c /home/lcausin/Documents/GUI/Cooking/ANDROID/arm64-v8a/CMakeFiles/feature_tests.c
Linking C executable cmTC_c329e
/usr/bin/cmake -E cmake_link_script CMakeFiles/cmTC_c329e.dir/link.txt --verbose=1
/opt/android-ndk/toolchains/aarch64-linux-android-4.9/prebuilt/linux-x86_64/bin/aarch64-linux-android-gcc --sysroot=/opt/android-ndk/platforms/android-21/arch-arm64 -funwind-tables -no-canonical-prefixes -fexceptions  -g  -fPIE -pie -Wl,--gc-sections  CMakeFiles/cmTC_c329e.dir/feature_tests.c.o  -o cmTC_c329e 
make[1]: Leaving directory `/home/lcausin/Documents/GUI/Cooking/ANDROID/arm64-v8a/CMakeFiles/CMakeTmp'


    Feature record: C_FEATURE:1c_function_prototypes
    Feature record: C_FEATURE:1c_restrict
    Feature record: C_FEATURE:1c_static_assert
    Feature record: C_FEATURE:1c_variadic_macros


Detecting C [-std=c99] compiler features compiled with the following output:
Change Dir: /home/lcausin/Documents/GUI/Cooking/ANDROID/arm64-v8a/CMakeFiles/CMakeTmp

Run Build Command:"/opt/android-ndk/prebuilt/linux-x86_64/bin/make" "cmTC_09a54/fast"
/opt/android-ndk/prebuilt/linux-x86_64/bin/make -f CMakeFiles/cmTC_09a54.dir/build.make CMakeFiles/cmTC_09a54.dir/build
make[1]: Entering directory `/home/lcausin/Documents/GUI/Cooking/ANDROID/arm64-v8a/CMakeFiles/CMakeTmp'
Building C object CMakeFiles/cmTC_09a54.dir/feature_tests.c.o
/opt/android-ndk/toolchains/aarch64-linux-android-4.9/prebuilt/linux-x86_64/bin/aarch64-linux-android-gcc --sysroot=/opt/android-ndk/platforms/android-21/arch-arm64  -isystem /opt/android-ndk/platforms/android-21/arch-arm64/usr/include  -funwind-tables -no-canonical-prefixes -fexceptions  -g -fPIE   -std=c99 -o CMakeFiles/cmTC_09a54.dir/feature_tests.c.o   -c /home/lcausin/Documents/GUI/Cooking/ANDROID/arm64-v8a/CMakeFiles/feature_tests.c
Linking C executable cmTC_09a54
/usr/bin/cmake -E cmake_link_script CMakeFiles/cmTC_09a54.dir/link.txt --verbose=1
/opt/android-ndk/toolchains/aarch64-linux-android-4.9/prebuilt/linux-x86_64/bin/aarch64-linux-android-gcc --sysroot=/opt/android-ndk/platforms/android-21/arch-arm64 -funwind-tables -no-canonical-prefixes -fexceptions  -g  -fPIE -pie -Wl,--gc-sections  CMakeFiles/cmTC_09a54.dir/feature_tests.c.o  -o cmTC_09a54 
make[1]: Leaving directory `/home/lcausin/Documents/GUI/Cooking/ANDROID/arm64-v8a/CMakeFiles/CMakeTmp'


    Feature record: C_FEATURE:1c_function_prototypes
    Feature record: C_FEATURE:1c_restrict
    Feature record: C_FEATURE:0c_static_assert
    Feature record: C_FEATURE:1c_variadic_macros


Detecting C [-std=c90] compiler features compiled with the following output:
Change Dir: /home/lcausin/Documents/GUI/Cooking/ANDROID/arm64-v8a/CMakeFiles/CMakeTmp

Run Build Command:"/opt/android-ndk/prebuilt/linux-x86_64/bin/make" "cmTC_40965/fast"
/opt/android-ndk/prebuilt/linux-x86_64/bin/make -f CMakeFiles/cmTC_40965.dir/build.make CMakeFiles/cmTC_40965.dir/build
make[1]: Entering directory `/home/lcausin/Documents/GUI/Cooking/ANDROID/arm64-v8a/CMakeFiles/CMakeTmp'
Building C object CMakeFiles/cmTC_40965.dir/feature_tests.c.o
/opt/android-ndk/toolchains/aarch64-linux-android-4.9/prebuilt/linux-x86_64/bin/aarch64-linux-android-gcc --sysroot=/opt/android-ndk/platforms/android-21/arch-arm64  -isystem /opt/android-ndk/platforms/android-21/arch-arm64/usr/include  -funwind-tables -no-canonical-prefixes -fexceptions  -g -fPIE   -std=c90 -o CMakeFiles/cmTC_40965.dir/feature_tests.c.o   -c /home/lcausin/Documents/GUI/Cooking/ANDROID/arm64-v8a/CMakeFiles/feature_tests.c
Linking C executable cmTC_40965
/usr/bin/cmake -E cmake_link_script CMakeFiles/cmTC_40965.dir/link.txt --verbose=1
/opt/android-ndk/toolchains/aarch64-linux-android-4.9/prebuilt/linux-x86_64/bin/aarch64-linux-android-gcc --sysroot=/opt/android-ndk/platforms/android-21/arch-arm64 -funwind-tables -no-canonical-prefixes -fexceptions  -g  -fPIE -pie -Wl,--gc-sections  CMakeFiles/cmTC_40965.dir/feature_tests.c.o  -o cmTC_40965 
make[1]: Leaving directory `/home/lcausin/Documents/GUI/Cooking/ANDROID/arm64-v8a/CMakeFiles/CMakeTmp'


    Feature record: C_FEATURE:1c_function_prototypes
    Feature record: C_FEATURE:0c_restrict
    Feature record: C_FEATURE:0c_static_assert
    Feature record: C_FEATURE:0c_variadic_macros
Determining if the CXX compiler works passed with the following output:
Change Dir: /home/lcausin/Documents/GUI/Cooking/ANDROID/arm64-v8a/CMakeFiles/CMakeTmp

Run Build Command:"/opt/android-ndk/prebuilt/linux-x86_64/bin/make" "cmTC_8e0ab/fast"
/opt/android-ndk/prebuilt/linux-x86_64/bin/make -f CMakeFiles/cmTC_8e0ab.dir/build.make CMakeFiles/cmTC_8e0ab.dir/build
make[1]: Entering directory `/home/lcausin/Documents/GUI/Cooking/ANDROID/arm64-v8a/CMakeFiles/CMakeTmp'
Building CXX object CMakeFiles/cmTC_8e0ab.dir/testCXXCompiler.cxx.o
/opt/android-ndk/toolchains/aarch64-linux-android-4.9/prebuilt/linux-x86_64/bin/aarch64-linux-android-g++ --sysroot=/opt/android-ndk/platforms/android-21/arch-arm64   -isystem /opt/android-ndk/sources/cxx-stl/gnu-libstdc++/4.9/include -isystem /opt/android-ndk/sources/cxx-stl/gnu-libstdc++/4.9/libs/arm64-v8a/include -isystem /opt/android-ndk/sources/cxx-stl/gnu-libstdc++/4.9/include/backward -isystem /opt/android-ndk/platforms/android-21/arch-arm64/usr/include  -funwind-tables -no-canonical-prefixes -fexceptions -frtti  -g -fPIE   -o CMakeFiles/cmTC_8e0ab.dir/testCXXCompiler.cxx.o -c /home/lcausin/Documents/GUI/Cooking/ANDROID/arm64-v8a/CMakeFiles/CMakeTmp/testCXXCompiler.cxx
Linking CXX executable cmTC_8e0ab
/usr/bin/cmake -E cmake_link_script CMakeFiles/cmTC_8e0ab.dir/link.txt --verbose=1
/opt/android-ndk/toolchains/aarch64-linux-android-4.9/prebuilt/linux-x86_64/bin/aarch64-linux-android-g++ --sysroot=/opt/android-ndk/platforms/android-21/arch-arm64  -funwind-tables -no-canonical-prefixes -fexceptions -frtti  -g  -fPIE -pie -Wl,--gc-sections  CMakeFiles/cmTC_8e0ab.dir/testCXXCompiler.cxx.o  -o cmTC_8e0ab  "/opt/android-ndk/sources/cxx-stl/gnu-libstdc++/4.9/libs/arm64-v8a/libgnustl_static.a" -nodefaultlibs -lgcc -lc -lm -ldl 
make[1]: Leaving directory `/home/lcausin/Documents/GUI/Cooking/ANDROID/arm64-v8a/CMakeFiles/CMakeTmp'


Detecting CXX compiler ABI info compiled with the following output:
Change Dir: /home/lcausin/Documents/GUI/Cooking/ANDROID/arm64-v8a/CMakeFiles/CMakeTmp

Run Build Command:"/opt/android-ndk/prebuilt/linux-x86_64/bin/make" "cmTC_3ddc5/fast"
/opt/android-ndk/prebuilt/linux-x86_64/bin/make -f CMakeFiles/cmTC_3ddc5.dir/build.make CMakeFiles/cmTC_3ddc5.dir/build
make[1]: Entering directory `/home/lcausin/Documents/GUI/Cooking/ANDROID/arm64-v8a/CMakeFiles/CMakeTmp'
Building CXX object CMakeFiles/cmTC_3ddc5.dir/CMakeCXXCompilerABI.cpp.o
/opt/android-ndk/toolchains/aarch64-linux-android-4.9/prebuilt/linux-x86_64/bin/aarch64-linux-android-g++ --sysroot=/opt/android-ndk/platforms/android-21/arch-arm64   -isystem /opt/android-ndk/sources/cxx-stl/gnu-libstdc++/4.9/include -isystem /opt/android-ndk/sources/cxx-stl/gnu-libstdc++/4.9/libs/arm64-v8a/include -isystem /opt/android-ndk/sources/cxx-stl/gnu-libstdc++/4.9/include/backward -isystem /opt/android-ndk/platforms/android-21/arch-arm64/usr/include  -funwind-tables -no-canonical-prefixes -fexceptions -frtti  -g -fPIE   -o CMakeFiles/cmTC_3ddc5.dir/CMakeCXXCompilerABI.cpp.o -c /usr/share/cmake-3.12/Modules/CMakeCXXCompilerABI.cpp
Linking CXX executable cmTC_3ddc5
/usr/bin/cmake -E cmake_link_script CMakeFiles/cmTC_3ddc5.dir/link.txt --verbose=1
/opt/android-ndk/toolchains/aarch64-linux-android-4.9/prebuilt/linux-x86_64/bin/aarch64-linux-android-g++ --sysroot=/opt/android-ndk/platforms/android-21/arch-arm64  -funwind-tables -no-canonical-prefixes -fexceptions -frtti  -g  -fPIE -pie -Wl,--gc-sections -v CMakeFiles/cmTC_3ddc5.dir/CMakeCXXCompilerABI.cpp.o  -o cmTC_3ddc5  "/opt/android-ndk/sources/cxx-stl/gnu-libstdc++/4.9/libs/arm64-v8a/libgnustl_static.a" -nodefaultlibs -lgcc -lc -lm -ldl 
Using built-in specs.
COLLECT_GCC=/opt/android-ndk/toolchains/aarch64-linux-android-4.9/prebuilt/linux-x86_64/bin/aarch64-linux-android-g++
COLLECT_LTO_WRAPPER=/opt/android-ndk/toolchains/aarch64-linux-android-4.9/prebuilt/linux-x86_64/bin/../libexec/gcc/aarch64-linux-android/4.9.x/lto-wrapper
Target: aarch64-linux-android
Configured with: /usr/local/google/buildbot/src/android/gcc/toolchain/build/../gcc/gcc-4.9/configure --prefix=/tmp/8ee0b8157b3409c4b84fff35696d6c90 --target=aarch64-linux-android --host=x86_64-linux-gnu --build=x86_64-linux-gnu --with-gnu-as --with-gnu-ld --enable-languages=c,c++ --with-gmp=/buildbot/tmp/build/toolchain/temp-install --with-mpfr=/buildbot/tmp/build/toolchain/temp-install --with-mpc=/buildbot/tmp/build/toolchain/temp-install --with-cloog=/buildbot/tmp/build/toolchain/temp-install --with-isl=/buildbot/tmp/build/toolchain/temp-install --with-ppl=/buildbot/tmp/build/toolchain/temp-install --disable-ppl-version-check --disable-cloog-version-check --disable-isl-version-check --enable-cloog-backend=isl --with-host-libstdcxx='-static-libgcc -Wl,-Bstatic,-lstdc++,-Bdynamic -lm' --disable-libssp --enable-threads --disable-nls --disable-libmudflap --disable-libgomp --disable-libstdc__-v3 --disable-sjlj-exceptions --disable-shared --disable-tls --disable-libitm --enable-bionic-libs --enable-libatomic-ifuncs=no --enable-initfini-array --disable-nls --prefix=/tmp/8ee0b8157b3409c4b84fff35696d6c90 --with-sysroot=/tmp/8ee0b8157b3409c4b84fff35696d6c90/sysroot --with-binutils-version=2.25 --with-mpfr-version=3.1.1 --with-mpc-version=1.0.1 --with-gmp-version=5.0.5 --with-gcc-version=4.9 --with-gdb-version=none --with-gxx-include-dir=/tmp/8ee0b8157b3409c4b84fff35696d6c90/include/c++/4.9.x --with-bugurl=http://source.android.com/source/report-bugs.html --enable-languages=c,c++ --disable-bootstrap --enable-plugins --enable-libgomp --enable-gnu-indirect-function --disable-libsanitizer --enable-gold --enable-ld=default --enable-threads --enable-eh-frame-hdr-for-static --enable-fix-cortex-a53-835769 --enable-graphite=yes --with-isl-version=0.11.1 --with-cloog-version=0.18.0 --program-transform-name='s&^&aarch64-linux-android-&' --enable-gold
Thread model: posix
gcc version 4.9.x 20150123 (prerelease) (GCC) 
COMPILER_PATH=/opt/android-ndk/toolchains/aarch64-linux-android-4.9/prebuilt/linux-x86_64/bin/../libexec/gcc/aarch64-linux-android/4.9.x/:/opt/android-ndk/toolchains/aarch64-linux-android-4.9/prebuilt/linux-x86_64/bin/../libexec/gcc/:/opt/android-ndk/toolchains/aarch64-linux-android-4.9/prebuilt/linux-x86_64/bin/../lib/gcc/aarch64-linux-android/4.9.x/../../../../aarch64-linux-android/bin/
LIBRARY_PATH=/opt/android-ndk/toolchains/aarch64-linux-android-4.9/prebuilt/linux-x86_64/bin/../lib/gcc/aarch64-linux-android/4.9.x/:/opt/android-ndk/toolchains/aarch64-linux-android-4.9/prebuilt/linux-x86_64/bin/../lib/gcc/:/opt/android-ndk/toolchains/aarch64-linux-android-4.9/prebuilt/linux-x86_64/bin/../lib/gcc/aarch64-linux-android/4.9.x/../../../../aarch64-linux-android/lib/../lib64/:/opt/android-ndk/toolchains/aarch64-linux-android-4.9/prebuilt/linux-x86_64/bin/../lib/gcc/aarch64-linux-android/4.9.x/../../../../aarch64-linux-android/lib/:/opt/android-ndk/platforms/android-21/arch-arm64/usr/lib/
COLLECT_GCC_OPTIONS='-funwind-tables' '-fexceptions' '-frtti' '-g' '-fPIE' '-pie' '-v' '-o' 'cmTC_3ddc5' '-nodefaultlibs' '-mlittle-endian' '-mabi=lp64'
 /opt/android-ndk/toolchains/aarch64-linux-android-4.9/prebuilt/linux-x86_64/bin/../libexec/gcc/aarch64-linux-android/4.9.x/collect2 -plugin /opt/android-ndk/toolchains/aarch64-linux-android-4.9/prebuilt/linux-x86_64/bin/../libexec/gcc/aarch64-linux-android/4.9.x/liblto_plugin.so -plugin-opt=/opt/android-ndk/toolchains/aarch64-linux-android-4.9/prebuilt/linux-x86_64/bin/../libexec/gcc/aarch64-linux-android/4.9.x/lto-wrapper -plugin-opt=-fresolution=/tmp/ccUOl3zn.res --sysroot=/opt/android-ndk/platforms/android-21/arch-arm64 --eh-frame-hdr -dynamic-linker /system/bin/linker64 -X -EL -maarch64linux --fix-cortex-a53-835769 --fix-cortex-a53-843419 -z noexecstack -z relro -z now -pie -o cmTC_3ddc5 /opt/android-ndk/platforms/android-21/arch-arm64/usr/lib/crtbegin_dynamic.o -L/opt/android-ndk/toolchains/aarch64-linux-android-4.9/prebuilt/linux-x86_64/bin/../lib/gcc/aarch64-linux-android/4.9.x -L/opt/android-ndk/toolchains/aarch64-linux-android-4.9/prebuilt/linux-x86_64/bin/../lib/gcc -L/opt/android-ndk/toolchains/aarch64-linux-android-4.9/prebuilt/linux-x86_64/bin/../lib/gcc/aarch64-linux-android/4.9.x/../../../../aarch64-linux-android/lib/../lib64 -L/opt/android-ndk/toolchains/aarch64-linux-android-4.9/prebuilt/linux-x86_64/bin/../lib/gcc/aarch64-linux-android/4.9.x/../../../../aarch64-linux-android/lib -L/opt/android-ndk/platforms/android-21/arch-arm64/usr/lib --gc-sections CMakeFiles/cmTC_3ddc5.dir/CMakeCXXCompilerABI.cpp.o /opt/android-ndk/sources/cxx-stl/gnu-libstdc++/4.9/libs/arm64-v8a/libgnustl_static.a -lgcc -lc -lm -ldl /opt/android-ndk/platforms/android-21/arch-arm64/usr/lib/crtend_android.o
make[1]: Leaving directory `/home/lcausin/Documents/GUI/Cooking/ANDROID/arm64-v8a/CMakeFiles/CMakeTmp'


Parsed CXX implicit link information from above output:
  link line regex: [^( *|.*[/\])(aarch64-linux-android-ld|CMAKE_LINK_STARTFILE-NOTFOUND|([^/\]+-)?ld|collect2)[^/\]*( |$)]
  ignore line: [Change Dir: /home/lcausin/Documents/GUI/Cooking/ANDROID/arm64-v8a/CMakeFiles/CMakeTmp]
  ignore line: []
  ignore line: [Run Build Command:"/opt/android-ndk/prebuilt/linux-x86_64/bin/make" "cmTC_3ddc5/fast"]
  ignore line: [/opt/android-ndk/prebuilt/linux-x86_64/bin/make -f CMakeFiles/cmTC_3ddc5.dir/build.make CMakeFiles/cmTC_3ddc5.dir/build]
  ignore line: [make[1]: Entering directory `/home/lcausin/Documents/GUI/Cooking/ANDROID/arm64-v8a/CMakeFiles/CMakeTmp']
  ignore line: [Building CXX object CMakeFiles/cmTC_3ddc5.dir/CMakeCXXCompilerABI.cpp.o]
  ignore line: [/opt/android-ndk/toolchains/aarch64-linux-android-4.9/prebuilt/linux-x86_64/bin/aarch64-linux-android-g++ --sysroot=/opt/android-ndk/platforms/android-21/arch-arm64   -isystem /opt/android-ndk/sources/cxx-stl/gnu-libstdc++/4.9/include -isystem /opt/android-ndk/sources/cxx-stl/gnu-libstdc++/4.9/libs/arm64-v8a/include -isystem /opt/android-ndk/sources/cxx-stl/gnu-libstdc++/4.9/include/backward -isystem /opt/android-ndk/platforms/android-21/arch-arm64/usr/include  -funwind-tables -no-canonical-prefixes -fexceptions -frtti  -g -fPIE   -o CMakeFiles/cmTC_3ddc5.dir/CMakeCXXCompilerABI.cpp.o -c /usr/share/cmake-3.12/Modules/CMakeCXXCompilerABI.cpp]
  ignore line: [Linking CXX executable cmTC_3ddc5]
  ignore line: [/usr/bin/cmake -E cmake_link_script CMakeFiles/cmTC_3ddc5.dir/link.txt --verbose=1]
  ignore line: [/opt/android-ndk/toolchains/aarch64-linux-android-4.9/prebuilt/linux-x86_64/bin/aarch64-linux-android-g++ --sysroot=/opt/android-ndk/platforms/android-21/arch-arm64  -funwind-tables -no-canonical-prefixes -fexceptions -frtti  -g  -fPIE -pie -Wl,--gc-sections -v CMakeFiles/cmTC_3ddc5.dir/CMakeCXXCompilerABI.cpp.o  -o cmTC_3ddc5  "/opt/android-ndk/sources/cxx-stl/gnu-libstdc++/4.9/libs/arm64-v8a/libgnustl_static.a" -nodefaultlibs -lgcc -lc -lm -ldl ]
  ignore line: [Using built-in specs.]
  ignore line: [COLLECT_GCC=/opt/android-ndk/toolchains/aarch64-linux-android-4.9/prebuilt/linux-x86_64/bin/aarch64-linux-android-g++]
  ignore line: [COLLECT_LTO_WRAPPER=/opt/android-ndk/toolchains/aarch64-linux-android-4.9/prebuilt/linux-x86_64/bin/../libexec/gcc/aarch64-linux-android/4.9.x/lto-wrapper]
  ignore line: [Target: aarch64-linux-android]
  ignore line: [Configured with: /usr/local/google/buildbot/src/android/gcc/toolchain/build/../gcc/gcc-4.9/configure --prefix=/tmp/8ee0b8157b3409c4b84fff35696d6c90 --target=aarch64-linux-android --host=x86_64-linux-gnu --build=x86_64-linux-gnu --with-gnu-as --with-gnu-ld --enable-languages=c,c++ --with-gmp=/buildbot/tmp/build/toolchain/temp-install --with-mpfr=/buildbot/tmp/build/toolchain/temp-install --with-mpc=/buildbot/tmp/build/toolchain/temp-install --with-cloog=/buildbot/tmp/build/toolchain/temp-install --with-isl=/buildbot/tmp/build/toolchain/temp-install --with-ppl=/buildbot/tmp/build/toolchain/temp-install --disable-ppl-version-check --disable-cloog-version-check --disable-isl-version-check --enable-cloog-backend=isl --with-host-libstdcxx='-static-libgcc -Wl,-Bstatic,-lstdc++,-Bdynamic -lm' --disable-libssp --enable-threads --disable-nls --disable-libmudflap --disable-libgomp --disable-libstdc__-v3 --disable-sjlj-exceptions --disable-shared --disable-tls --disable-libitm --enable-bionic-libs --enable-libatomic-ifuncs=no --enable-initfini-array --disable-nls --prefix=/tmp/8ee0b8157b3409c4b84fff35696d6c90 --with-sysroot=/tmp/8ee0b8157b3409c4b84fff35696d6c90/sysroot --with-binutils-version=2.25 --with-mpfr-version=3.1.1 --with-mpc-version=1.0.1 --with-gmp-version=5.0.5 --with-gcc-version=4.9 --with-gdb-version=none --with-gxx-include-dir=/tmp/8ee0b8157b3409c4b84fff35696d6c90/include/c++/4.9.x --with-bugurl=http://source.android.com/source/report-bugs.html --enable-languages=c,c++ --disable-bootstrap --enable-plugins --enable-libgomp --enable-gnu-indirect-function --disable-libsanitizer --enable-gold --enable-ld=default --enable-threads --enable-eh-frame-hdr-for-static --enable-fix-cortex-a53-835769 --enable-graphite=yes --with-isl-version=0.11.1 --with-cloog-version=0.18.0 --program-transform-name='s&^&aarch64-linux-android-&' --enable-gold]
  ignore line: [Thread model: posix]
  ignore line: [gcc version 4.9.x 20150123 (prerelease) (GCC) ]
  ignore line: [COMPILER_PATH=/opt/android-ndk/toolchains/aarch64-linux-android-4.9/prebuilt/linux-x86_64/bin/../libexec/gcc/aarch64-linux-android/4.9.x/:/opt/android-ndk/toolchains/aarch64-linux-android-4.9/prebuilt/linux-x86_64/bin/../libexec/gcc/:/opt/android-ndk/toolchains/aarch64-linux-android-4.9/prebuilt/linux-x86_64/bin/../lib/gcc/aarch64-linux-android/4.9.x/../../../../aarch64-linux-android/bin/]
  ignore line: [LIBRARY_PATH=/opt/android-ndk/toolchains/aarch64-linux-android-4.9/prebuilt/linux-x86_64/bin/../lib/gcc/aarch64-linux-android/4.9.x/:/opt/android-ndk/toolchains/aarch64-linux-android-4.9/prebuilt/linux-x86_64/bin/../lib/gcc/:/opt/android-ndk/toolchains/aarch64-linux-android-4.9/prebuilt/linux-x86_64/bin/../lib/gcc/aarch64-linux-android/4.9.x/../../../../aarch64-linux-android/lib/../lib64/:/opt/android-ndk/toolchains/aarch64-linux-android-4.9/prebuilt/linux-x86_64/bin/../lib/gcc/aarch64-linux-android/4.9.x/../../../../aarch64-linux-android/lib/:/opt/android-ndk/platforms/android-21/arch-arm64/usr/lib/]
  ignore line: [COLLECT_GCC_OPTIONS='-funwind-tables' '-fexceptions' '-frtti' '-g' '-fPIE' '-pie' '-v' '-o' 'cmTC_3ddc5' '-nodefaultlibs' '-mlittle-endian' '-mabi=lp64']
  link line: [ /opt/android-ndk/toolchains/aarch64-linux-android-4.9/prebuilt/linux-x86_64/bin/../libexec/gcc/aarch64-linux-android/4.9.x/collect2 -plugin /opt/android-ndk/toolchains/aarch64-linux-android-4.9/prebuilt/linux-x86_64/bin/../libexec/gcc/aarch64-linux-android/4.9.x/liblto_plugin.so -plugin-opt=/opt/android-ndk/toolchains/aarch64-linux-android-4.9/prebuilt/linux-x86_64/bin/../libexec/gcc/aarch64-linux-android/4.9.x/lto-wrapper -plugin-opt=-fresolution=/tmp/ccUOl3zn.res --sysroot=/opt/android-ndk/platforms/android-21/arch-arm64 --eh-frame-hdr -dynamic-linker /system/bin/linker64 -X -EL -maarch64linux --fix-cortex-a53-835769 --fix-cortex-a53-843419 -z noexecstack -z relro -z now -pie -o cmTC_3ddc5 /opt/android-ndk/platforms/android-21/arch-arm64/usr/lib/crtbegin_dynamic.o -L/opt/android-ndk/toolchains/aarch64-linux-android-4.9/prebuilt/linux-x86_64/bin/../lib/gcc/aarch64-linux-android/4.9.x -L/opt/android-ndk/toolchains/aarch64-linux-android-4.9/prebuilt/linux-x86_64/bin/../lib/gcc -L/opt/android-ndk/toolchains/aarch64-linux-android-4.9/prebuilt/linux-x86_64/bin/../lib/gcc/aarch64-linux-android/4.9.x/../../../../aarch64-linux-android/lib/../lib64 -L/opt/android-ndk/toolchains/aarch64-linux-android-4.9/prebuilt/linux-x86_64/bin/../lib/gcc/aarch64-linux-android/4.9.x/../../../../aarch64-linux-android/lib -L/opt/android-ndk/platforms/android-21/arch-arm64/usr/lib --gc-sections CMakeFiles/cmTC_3ddc5.dir/CMakeCXXCompilerABI.cpp.o /opt/android-ndk/sources/cxx-stl/gnu-libstdc++/4.9/libs/arm64-v8a/libgnustl_static.a -lgcc -lc -lm -ldl /opt/android-ndk/platforms/android-21/arch-arm64/usr/lib/crtend_android.o]
    arg [/opt/android-ndk/toolchains/aarch64-linux-android-4.9/prebuilt/linux-x86_64/bin/../libexec/gcc/aarch64-linux-android/4.9.x/collect2] ==> ignore
    arg [-plugin] ==> ignore
    arg [/opt/android-ndk/toolchains/aarch64-linux-android-4.9/prebuilt/linux-x86_64/bin/../libexec/gcc/aarch64-linux-android/4.9.x/liblto_plugin.so] ==> ignore
    arg [-plugin-opt=/opt/android-ndk/toolchains/aarch64-linux-android-4.9/prebuilt/linux-x86_64/bin/../libexec/gcc/aarch64-linux-android/4.9.x/lto-wrapper] ==> ignore
    arg [-plugin-opt=-fresolution=/tmp/ccUOl3zn.res] ==> ignore
    arg [--sysroot=/opt/android-ndk/platforms/android-21/arch-arm64] ==> ignore
    arg [--eh-frame-hdr] ==> ignore
    arg [-dynamic-linker] ==> ignore
    arg [/system/bin/linker64] ==> ignore
    arg [-X] ==> ignore
    arg [-EL] ==> ignore
    arg [-maarch64linux] ==> ignore
    arg [--fix-cortex-a53-835769] ==> ignore
    arg [--fix-cortex-a53-843419] ==> ignore
    arg [-znoexecstack] ==> ignore
    arg [-zrelro] ==> ignore
    arg [-znow] ==> ignore
    arg [-pie] ==> ignore
    arg [-o] ==> ignore
    arg [cmTC_3ddc5] ==> ignore
    arg [/opt/android-ndk/platforms/android-21/arch-arm64/usr/lib/crtbegin_dynamic.o] ==> ignore
    arg [-L/opt/android-ndk/toolchains/aarch64-linux-android-4.9/prebuilt/linux-x86_64/bin/../lib/gcc/aarch64-linux-android/4.9.x] ==> dir [/opt/android-ndk/toolchains/aarch64-linux-android-4.9/prebuilt/linux-x86_64/bin/../lib/gcc/aarch64-linux-android/4.9.x]
    arg [-L/opt/android-ndk/toolchains/aarch64-linux-android-4.9/prebuilt/linux-x86_64/bin/../lib/gcc] ==> dir [/opt/android-ndk/toolchains/aarch64-linux-android-4.9/prebuilt/linux-x86_64/bin/../lib/gcc]
    arg [-L/opt/android-ndk/toolchains/aarch64-linux-android-4.9/prebuilt/linux-x86_64/bin/../lib/gcc/aarch64-linux-android/4.9.x/../../../../aarch64-linux-android/lib/../lib64] ==> dir [/opt/android-ndk/toolchains/aarch64-linux-android-4.9/prebuilt/linux-x86_64/bin/../lib/gcc/aarch64-linux-android/4.9.x/../../../../aarch64-linux-android/lib/../lib64]
    arg [-L/opt/android-ndk/toolchains/aarch64-linux-android-4.9/prebuilt/linux-x86_64/bin/../lib/gcc/aarch64-linux-android/4.9.x/../../../../aarch64-linux-android/lib] ==> dir [/opt/android-ndk/toolchains/aarch64-linux-android-4.9/prebuilt/linux-x86_64/bin/../lib/gcc/aarch64-linux-android/4.9.x/../../../../aarch64-linux-android/lib]
    arg [-L/opt/android-ndk/platforms/android-21/arch-arm64/usr/lib] ==> dir [/opt/android-ndk/platforms/android-21/arch-arm64/usr/lib]
    arg [--gc-sections] ==> ignore
    arg [CMakeFiles/cmTC_3ddc5.dir/CMakeCXXCompilerABI.cpp.o] ==> ignore
    arg [/opt/android-ndk/sources/cxx-stl/gnu-libstdc++/4.9/libs/arm64-v8a/libgnustl_static.a] ==> lib [/opt/android-ndk/sources/cxx-stl/gnu-libstdc++/4.9/libs/arm64-v8a/libgnustl_static.a]
    arg [-lgcc] ==> lib [gcc]
    arg [-lc] ==> lib [c]
    arg [-lm] ==> lib [m]
    arg [-ldl] ==> lib [dl]
    arg [/opt/android-ndk/platforms/android-21/arch-arm64/usr/lib/crtend_android.o] ==> ignore
  collapse library dir [/opt/android-ndk/toolchains/aarch64-linux-android-4.9/prebuilt/linux-x86_64/bin/../lib/gcc/aarch64-linux-android/4.9.x] ==> [/opt/android-ndk/toolchains/aarch64-linux-android-4.9/prebuilt/linux-x86_64/lib/gcc/aarch64-linux-android/4.9.x]
  collapse library dir [/opt/android-ndk/toolchains/aarch64-linux-android-4.9/prebuilt/linux-x86_64/bin/../lib/gcc] ==> [/opt/android-ndk/toolchains/aarch64-linux-android-4.9/prebuilt/linux-x86_64/lib/gcc]
  collapse library dir [/opt/android-ndk/toolchains/aarch64-linux-android-4.9/prebuilt/linux-x86_64/bin/../lib/gcc/aarch64-linux-android/4.9.x/../../../../aarch64-linux-android/lib/../lib64] ==> [/opt/android-ndk/toolchains/aarch64-linux-android-4.9/prebuilt/linux-x86_64/aarch64-linux-android/lib64]
  collapse library dir [/opt/android-ndk/toolchains/aarch64-linux-android-4.9/prebuilt/linux-x86_64/bin/../lib/gcc/aarch64-linux-android/4.9.x/../../../../aarch64-linux-android/lib] ==> [/opt/android-ndk/toolchains/aarch64-linux-android-4.9/prebuilt/linux-x86_64/aarch64-linux-android/lib]
  collapse library dir [/opt/android-ndk/platforms/android-21/arch-arm64/usr/lib] ==> [/opt/android-ndk/platforms/android-21/arch-arm64/usr/lib]
  implicit libs: [/opt/android-ndk/sources/cxx-stl/gnu-libstdc++/4.9/libs/arm64-v8a/libgnustl_static.a;gcc;c;m;dl]
  implicit dirs: [/opt/android-ndk/toolchains/aarch64-linux-android-4.9/prebuilt/linux-x86_64/lib/gcc/aarch64-linux-android/4.9.x;/opt/android-ndk/toolchains/aarch64-linux-android-4.9/prebuilt/linux-x86_64/lib/gcc;/opt/android-ndk/toolchains/aarch64-linux-android-4.9/prebuilt/linux-x86_64/aarch64-linux-android/lib64;/opt/android-ndk/toolchains/aarch64-linux-android-4.9/prebuilt/linux-x86_64/aarch64-linux-android/lib;/opt/android-ndk/platforms/android-21/arch-arm64/usr/lib]
  implicit fwks: []




Detecting CXX [-std=c++14] compiler features compiled with the following output:
Change Dir: /home/lcausin/Documents/GUI/Cooking/ANDROID/arm64-v8a/CMakeFiles/CMakeTmp

Run Build Command:"/opt/android-ndk/prebuilt/linux-x86_64/bin/make" "cmTC_f4bec/fast"
/opt/android-ndk/prebuilt/linux-x86_64/bin/make -f CMakeFiles/cmTC_f4bec.dir/build.make CMakeFiles/cmTC_f4bec.dir/build
make[1]: Entering directory `/home/lcausin/Documents/GUI/Cooking/ANDROID/arm64-v8a/CMakeFiles/CMakeTmp'
Building CXX object CMakeFiles/cmTC_f4bec.dir/feature_tests.cxx.o
/opt/android-ndk/toolchains/aarch64-linux-android-4.9/prebuilt/linux-x86_64/bin/aarch64-linux-android-g++ --sysroot=/opt/android-ndk/platforms/android-21/arch-arm64   -isystem /opt/android-ndk/sources/cxx-stl/gnu-libstdc++/4.9/include -isystem /opt/android-ndk/sources/cxx-stl/gnu-libstdc++/4.9/libs/arm64-v8a/include -isystem /opt/android-ndk/sources/cxx-stl/gnu-libstdc++/4.9/include/backward -isystem /opt/android-ndk/platforms/android-21/arch-arm64/usr/include  -funwind-tables -no-canonical-prefixes -fexceptions -frtti  -g -fPIE   -std=c++14 -o CMakeFiles/cmTC_f4bec.dir/feature_tests.cxx.o -c /home/lcausin/Documents/GUI/Cooking/ANDROID/arm64-v8a/CMakeFiles/feature_tests.cxx
Linking CXX executable cmTC_f4bec
/usr/bin/cmake -E cmake_link_script CMakeFiles/cmTC_f4bec.dir/link.txt --verbose=1
/opt/android-ndk/toolchains/aarch64-linux-android-4.9/prebuilt/linux-x86_64/bin/aarch64-linux-android-g++ --sysroot=/opt/android-ndk/platforms/android-21/arch-arm64  -funwind-tables -no-canonical-prefixes -fexceptions -frtti  -g  -fPIE -pie -Wl,--gc-sections  CMakeFiles/cmTC_f4bec.dir/feature_tests.cxx.o  -o cmTC_f4bec  "/opt/android-ndk/sources/cxx-stl/gnu-libstdc++/4.9/libs/arm64-v8a/libgnustl_static.a" -nodefaultlibs -lgcc -lc -lm -ldl 
make[1]: Leaving directory `/home/lcausin/Documents/GUI/Cooking/ANDROID/arm64-v8a/CMakeFiles/CMakeTmp'


    Feature record: CXX_FEATURE:0cxx_aggregate_default_initializers
    Feature record: CXX_FEATURE:1cxx_alias_templates
    Feature record: CXX_FEATURE:1cxx_alignas
    Feature record: CXX_FEATURE:1cxx_alignof
    Feature record: CXX_FEATURE:1cxx_attributes
    Feature record: CXX_FEATURE:1cxx_attribute_deprecated
    Feature record: CXX_FEATURE:1cxx_auto_type
    Feature record: CXX_FEATURE:1cxx_binary_literals
    Feature record: CXX_FEATURE:1cxx_constexpr
    Feature record: CXX_FEATURE:1cxx_contextual_conversions
    Feature record: CXX_FEATURE:1cxx_decltype
    Feature record: CXX_FEATURE:1cxx_decltype_auto
    Feature record: CXX_FEATURE:1cxx_decltype_incomplete_return_types
    Feature record: CXX_FEATURE:1cxx_default_function_template_args
    Feature record: CXX_FEATURE:1cxx_defaulted_functions
    Feature record: CXX_FEATURE:1cxx_defaulted_move_initializers
    Feature record: CXX_FEATURE:1cxx_delegating_constructors
    Feature record: CXX_FEATURE:1cxx_deleted_functions
    Feature record: CXX_FEATURE:1cxx_digit_separators
    Feature record: CXX_FEATURE:1cxx_enum_forward_declarations
    Feature record: CXX_FEATURE:1cxx_explicit_conversions
    Feature record: CXX_FEATURE:1cxx_extended_friend_declarations
    Feature record: CXX_FEATURE:1cxx_extern_templates
    Feature record: CXX_FEATURE:1cxx_final
    Feature record: CXX_FEATURE:1cxx_func_identifier
    Feature record: CXX_FEATURE:1cxx_generalized_initializers
    Feature record: CXX_FEATURE:1cxx_generic_lambdas
    Feature record: CXX_FEATURE:1cxx_inheriting_constructors
    Feature record: CXX_FEATURE:1cxx_inline_namespaces
    Feature record: CXX_FEATURE:1cxx_lambdas
    Feature record: CXX_FEATURE:1cxx_lambda_init_captures
    Feature record: CXX_FEATURE:1cxx_local_type_template_args
    Feature record: CXX_FEATURE:1cxx_long_long_type
    Feature record: CXX_FEATURE:1cxx_noexcept
    Feature record: CXX_FEATURE:1cxx_nonstatic_member_init
    Feature record: CXX_FEATURE:1cxx_nullptr
    Feature record: CXX_FEATURE:1cxx_override
    Feature record: CXX_FEATURE:1cxx_range_for
    Feature record: CXX_FEATURE:1cxx_raw_string_literals
    Feature record: CXX_FEATURE:1cxx_reference_qualified_functions
    Feature record: CXX_FEATURE:0cxx_relaxed_constexpr
    Feature record: CXX_FEATURE:1cxx_return_type_deduction
    Feature record: CXX_FEATURE:1cxx_right_angle_brackets
    Feature record: CXX_FEATURE:1cxx_rvalue_references
    Feature record: CXX_FEATURE:1cxx_sizeof_member
    Feature record: CXX_FEATURE:1cxx_static_assert
    Feature record: CXX_FEATURE:1cxx_strong_enums
    Feature record: CXX_FEATURE:1cxx_template_template_parameters
    Feature record: CXX_FEATURE:1cxx_thread_local
    Feature record: CXX_FEATURE:1cxx_trailing_return_types
    Feature record: CXX_FEATURE:1cxx_unicode_literals
    Feature record: CXX_FEATURE:1cxx_uniform_initialization
    Feature record: CXX_FEATURE:1cxx_unrestricted_unions
    Feature record: CXX_FEATURE:1cxx_user_literals
    Feature record: CXX_FEATURE:0cxx_variable_templates
    Feature record: CXX_FEATURE:1cxx_variadic_macros
    Feature record: CXX_FEATURE:1cxx_variadic_templates


Detecting CXX [-std=c++11] compiler features compiled with the following output:
Change Dir: /home/lcausin/Documents/GUI/Cooking/ANDROID/arm64-v8a/CMakeFiles/CMakeTmp

Run Build Command:"/opt/android-ndk/prebuilt/linux-x86_64/bin/make" "cmTC_2753e/fast"
/opt/android-ndk/prebuilt/linux-x86_64/bin/make -f CMakeFiles/cmTC_2753e.dir/build.make CMakeFiles/cmTC_2753e.dir/build
make[1]: Entering directory `/home/lcausin/Documents/GUI/Cooking/ANDROID/arm64-v8a/CMakeFiles/CMakeTmp'
Building CXX object CMakeFiles/cmTC_2753e.dir/feature_tests.cxx.o
/opt/android-ndk/toolchains/aarch64-linux-android-4.9/prebuilt/linux-x86_64/bin/aarch64-linux-android-g++ --sysroot=/opt/android-ndk/platforms/android-21/arch-arm64   -isystem /opt/android-ndk/sources/cxx-stl/gnu-libstdc++/4.9/include -isystem /opt/android-ndk/sources/cxx-stl/gnu-libstdc++/4.9/libs/arm64-v8a/include -isystem /opt/android-ndk/sources/cxx-stl/gnu-libstdc++/4.9/include/backward -isystem /opt/android-ndk/platforms/android-21/arch-arm64/usr/include  -funwind-tables -no-canonical-prefixes -fexceptions -frtti  -g -fPIE   -std=c++11 -o CMakeFiles/cmTC_2753e.dir/feature_tests.cxx.o -c /home/lcausin/Documents/GUI/Cooking/ANDROID/arm64-v8a/CMakeFiles/feature_tests.cxx
Linking CXX executable cmTC_2753e
/usr/bin/cmake -E cmake_link_script CMakeFiles/cmTC_2753e.dir/link.txt --verbose=1
/opt/android-ndk/toolchains/aarch64-linux-android-4.9/prebuilt/linux-x86_64/bin/aarch64-linux-android-g++ --sysroot=/opt/android-ndk/platforms/android-21/arch-arm64  -funwind-tables -no-canonical-prefixes -fexceptions -frtti  -g  -fPIE -pie -Wl,--gc-sections  CMakeFiles/cmTC_2753e.dir/feature_tests.cxx.o  -o cmTC_2753e  "/opt/android-ndk/sources/cxx-stl/gnu-libstdc++/4.9/libs/arm64-v8a/libgnustl_static.a" -nodefaultlibs -lgcc -lc -lm -ldl 
make[1]: Leaving directory `/home/lcausin/Documents/GUI/Cooking/ANDROID/arm64-v8a/CMakeFiles/CMakeTmp'


    Feature record: CXX_FEATURE:0cxx_aggregate_default_initializers
    Feature record: CXX_FEATURE:1cxx_alias_templates
    Feature record: CXX_FEATURE:1cxx_alignas
    Feature record: CXX_FEATURE:1cxx_alignof
    Feature record: CXX_FEATURE:1cxx_attributes
    Feature record: CXX_FEATURE:0cxx_attribute_deprecated
    Feature record: CXX_FEATURE:1cxx_auto_type
    Feature record: CXX_FEATURE:0cxx_binary_literals
    Feature record: CXX_FEATURE:1cxx_constexpr
    Feature record: CXX_FEATURE:0cxx_contextual_conversions
    Feature record: CXX_FEATURE:1cxx_decltype
    Feature record: CXX_FEATURE:0cxx_decltype_auto
    Feature record: CXX_FEATURE:1cxx_decltype_incomplete_return_types
    Feature record: CXX_FEATURE:1cxx_default_function_template_args
    Feature record: CXX_FEATURE:1cxx_defaulted_functions
    Feature record: CXX_FEATURE:1cxx_defaulted_move_initializers
    Feature record: CXX_FEATURE:1cxx_delegating_constructors
    Feature record: CXX_FEATURE:1cxx_deleted_functions
    Feature record: CXX_FEATURE:0cxx_digit_separators
    Feature record: CXX_FEATURE:1cxx_enum_forward_declarations
    Feature record: CXX_FEATURE:1cxx_explicit_conversions
    Feature record: CXX_FEATURE:1cxx_extended_friend_declarations
    Feature record: CXX_FEATURE:1cxx_extern_templates
    Feature record: CXX_FEATURE:1cxx_final
    Feature record: CXX_FEATURE:1cxx_func_identifier
    Feature record: CXX_FEATURE:1cxx_generalized_initializers
    Feature record: CXX_FEATURE:0cxx_generic_lambdas
    Feature record: CXX_FEATURE:1cxx_inheriting_constructors
    Feature record: CXX_FEATURE:1cxx_inline_namespaces
    Feature record: CXX_FEATURE:1cxx_lambdas
    Feature record: CXX_FEATURE:0cxx_lambda_init_captures
    Feature record: CXX_FEATURE:1cxx_local_type_template_args
    Feature record: CXX_FEATURE:1cxx_long_long_type
    Feature record: CXX_FEATURE:1cxx_noexcept
    Feature record: CXX_FEATURE:1cxx_nonstatic_member_init
    Feature record: CXX_FEATURE:1cxx_nullptr
    Feature record: CXX_FEATURE:1cxx_override
    Feature record: CXX_FEATURE:1cxx_range_for
    Feature record: CXX_FEATURE:1cxx_raw_string_literals
    Feature record: CXX_FEATURE:1cxx_reference_qualified_functions
    Feature record: CXX_FEATURE:0cxx_relaxed_constexpr
    Feature record: CXX_FEATURE:0cxx_return_type_deduction
    Feature record: CXX_FEATURE:1cxx_right_angle_brackets
    Feature record: CXX_FEATURE:1cxx_rvalue_references
    Feature record: CXX_FEATURE:1cxx_sizeof_member
    Feature record: CXX_FEATURE:1cxx_static_assert
    Feature record: CXX_FEATURE:1cxx_strong_enums
    Feature record: CXX_FEATURE:1cxx_template_template_parameters
    Feature record: CXX_FEATURE:1cxx_thread_local
    Feature record: CXX_FEATURE:1cxx_trailing_return_types
    Feature record: CXX_FEATURE:1cxx_unicode_literals
    Feature record: CXX_FEATURE:1cxx_uniform_initialization
    Feature record: CXX_FEATURE:1cxx_unrestricted_unions
    Feature record: CXX_FEATURE:1cxx_user_literals
    Feature record: CXX_FEATURE:0cxx_variable_templates
    Feature record: CXX_FEATURE:1cxx_variadic_macros
    Feature record: CXX_FEATURE:1cxx_variadic_templates


Detecting CXX [-std=c++98] compiler features compiled with the following output:
Change Dir: /home/lcausin/Documents/GUI/Cooking/ANDROID/arm64-v8a/CMakeFiles/CMakeTmp

Run Build Command:"/opt/android-ndk/prebuilt/linux-x86_64/bin/make" "cmTC_97433/fast"
/opt/android-ndk/prebuilt/linux-x86_64/bin/make -f CMakeFiles/cmTC_97433.dir/build.make CMakeFiles/cmTC_97433.dir/build
make[1]: Entering directory `/home/lcausin/Documents/GUI/Cooking/ANDROID/arm64-v8a/CMakeFiles/CMakeTmp'
Building CXX object CMakeFiles/cmTC_97433.dir/feature_tests.cxx.o
/opt/android-ndk/toolchains/aarch64-linux-android-4.9/prebuilt/linux-x86_64/bin/aarch64-linux-android-g++ --sysroot=/opt/android-ndk/platforms/android-21/arch-arm64   -isystem /opt/android-ndk/sources/cxx-stl/gnu-libstdc++/4.9/include -isystem /opt/android-ndk/sources/cxx-stl/gnu-libstdc++/4.9/libs/arm64-v8a/include -isystem /opt/android-ndk/sources/cxx-stl/gnu-libstdc++/4.9/include/backward -isystem /opt/android-ndk/platforms/android-21/arch-arm64/usr/include  -funwind-tables -no-canonical-prefixes -fexceptions -frtti  -g -fPIE   -std=c++98 -o CMakeFiles/cmTC_97433.dir/feature_tests.cxx.o -c /home/lcausin/Documents/GUI/Cooking/ANDROID/arm64-v8a/CMakeFiles/feature_tests.cxx
Linking CXX executable cmTC_97433
/usr/bin/cmake -E cmake_link_script CMakeFiles/cmTC_97433.dir/link.txt --verbose=1
/opt/android-ndk/toolchains/aarch64-linux-android-4.9/prebuilt/linux-x86_64/bin/aarch64-linux-android-g++ --sysroot=/opt/android-ndk/platforms/android-21/arch-arm64  -funwind-tables -no-canonical-prefixes -fexceptions -frtti  -g  -fPIE -pie -Wl,--gc-sections  CMakeFiles/cmTC_97433.dir/feature_tests.cxx.o  -o cmTC_97433  "/opt/android-ndk/sources/cxx-stl/gnu-libstdc++/4.9/libs/arm64-v8a/libgnustl_static.a" -nodefaultlibs -lgcc -lc -lm -ldl 
make[1]: Leaving directory `/home/lcausin/Documents/GUI/Cooking/ANDROID/arm64-v8a/CMakeFiles/CMakeTmp'


    Feature record: CXX_FEATURE:0cxx_aggregate_default_initializers
    Feature record: CXX_FEATURE:0cxx_alias_templates
    Feature record: CXX_FEATURE:0cxx_alignas
    Feature record: CXX_FEATURE:0cxx_alignof
    Feature record: CXX_FEATURE:0cxx_attributes
    Feature record: CXX_FEATURE:0cxx_attribute_deprecated
    Feature record: CXX_FEATURE:0cxx_auto_type
    Feature record: CXX_FEATURE:0cxx_binary_literals
    Feature record: CXX_FEATURE:0cxx_constexpr
    Feature record: CXX_FEATURE:0cxx_contextual_conversions
    Feature record: CXX_FEATURE:0cxx_decltype
    Feature record: CXX_FEATURE:0cxx_decltype_auto
    Feature record: CXX_FEATURE:0cxx_decltype_incomplete_return_types
    Feature record: CXX_FEATURE:0cxx_default_function_template_args
    Feature record: CXX_FEATURE:0cxx_defaulted_functions
    Feature record: CXX_FEATURE:0cxx_defaulted_move_initializers
    Feature record: CXX_FEATURE:0cxx_delegating_constructors
    Feature record: CXX_FEATURE:0cxx_deleted_functions
    Feature record: CXX_FEATURE:0cxx_digit_separators
    Feature record: CXX_FEATURE:0cxx_enum_forward_declarations
    Feature record: CXX_FEATURE:0cxx_explicit_conversions
    Feature record: CXX_FEATURE:0cxx_extended_friend_declarations
    Feature record: CXX_FEATURE:0cxx_extern_templates
    Feature record: CXX_FEATURE:0cxx_final
    Feature record: CXX_FEATURE:0cxx_func_identifier
    Feature record: CXX_FEATURE:0cxx_generalized_initializers
    Feature record: CXX_FEATURE:0cxx_generic_lambdas
    Feature record: CXX_FEATURE:0cxx_inheriting_constructors
    Feature record: CXX_FEATURE:0cxx_inline_namespaces
    Feature record: CXX_FEATURE:0cxx_lambdas
    Feature record: CXX_FEATURE:0cxx_lambda_init_captures
    Feature record: CXX_FEATURE:0cxx_local_type_template_args
    Feature record: CXX_FEATURE:0cxx_long_long_type
    Feature record: CXX_FEATURE:0cxx_noexcept
    Feature record: CXX_FEATURE:0cxx_nonstatic_member_init
    Feature record: CXX_FEATURE:0cxx_nullptr
    Feature record: CXX_FEATURE:0cxx_override
    Feature record: CXX_FEATURE:0cxx_range_for
    Feature record: CXX_FEATURE:0cxx_raw_string_literals
    Feature record: CXX_FEATURE:0cxx_reference_qualified_functions
    Feature record: CXX_FEATURE:0cxx_relaxed_constexpr
    Feature record: CXX_FEATURE:0cxx_return_type_deduction
    Feature record: CXX_FEATURE:0cxx_right_angle_brackets
    Feature record: CXX_FEATURE:0cxx_rvalue_references
    Feature record: CXX_FEATURE:0cxx_sizeof_member
    Feature record: CXX_FEATURE:0cxx_static_assert
    Feature record: CXX_FEATURE:0cxx_strong_enums
    Feature record: CXX_FEATURE:1cxx_template_template_parameters
    Feature record: CXX_FEATURE:0cxx_thread_local
    Feature record: CXX_FEATURE:0cxx_trailing_return_types
    Feature record: CXX_FEATURE:0cxx_unicode_literals
    Feature record: CXX_FEATURE:0cxx_uniform_initialization
    Feature record: CXX_FEATURE:0cxx_unrestricted_unions
    Feature record: CXX_FEATURE:0cxx_user_literals
    Feature record: CXX_FEATURE:0cxx_variable_templates
    Feature record: CXX_FEATURE:0cxx_variadic_macros
    Feature record: CXX_FEATURE:0cxx_variadic_templates
