Compiling the C compiler identification source file "CMakeCCompilerId.c" failed.
Compiler: /opt/android-ndk/toolchains/aarch64-linux-android-4.9/prebuilt/linux-x86_64/bin/aarch64-linux-android-gcc 
Build flags: 
Id flags:  

The output was:
1
/opt/android-ndk/toolchains/aarch64-linux-android-4.9/prebuilt/linux-x86_64/bin/../lib/gcc/aarch64-linux-android/4.9.x/../../../../aarch64-linux-android/bin/ld: cannot find crtbegin_dynamic.o: Aucun fichier ou dossier de ce type
/opt/android-ndk/toolchains/aarch64-linux-android-4.9/prebuilt/linux-x86_64/bin/../lib/gcc/aarch64-linux-android/4.9.x/../../../../aarch64-linux-android/bin/ld: cannot find -lc
/opt/android-ndk/toolchains/aarch64-linux-android-4.9/prebuilt/linux-x86_64/bin/../lib/gcc/aarch64-linux-android/4.9.x/../../../../aarch64-linux-android/bin/ld: cannot find -ldl
/opt/android-ndk/toolchains/aarch64-linux-android-4.9/prebuilt/linux-x86_64/bin/../lib/gcc/aarch64-linux-android/4.9.x/../../../../aarch64-linux-android/bin/ld: cannot find crtend_android.o: Aucun fichier ou dossier de ce type
collect2: error: ld returned 1 exit status


Compiling the CXX compiler identification source file "CMakeCXXCompilerId.cpp" failed.
Compiler: /opt/android-ndk/toolchains/aarch64-linux-android-4.9/prebuilt/linux-x86_64/bin/aarch64-linux-android-g++ 
Build flags: 
Id flags:  

The output was:
1
/opt/android-ndk/toolchains/aarch64-linux-android-4.9/prebuilt/linux-x86_64/bin/../lib/gcc/aarch64-linux-android/4.9.x/../../../../aarch64-linux-android/bin/ld: cannot find crtbegin_dynamic.o: Aucun fichier ou dossier de ce type
/opt/android-ndk/toolchains/aarch64-linux-android-4.9/prebuilt/linux-x86_64/bin/../lib/gcc/aarch64-linux-android/4.9.x/../../../../aarch64-linux-android/bin/ld: cannot find -lstdc++
/opt/android-ndk/toolchains/aarch64-linux-android-4.9/prebuilt/linux-x86_64/bin/../lib/gcc/aarch64-linux-android/4.9.x/../../../../aarch64-linux-android/bin/ld: cannot find -lm
/opt/android-ndk/toolchains/aarch64-linux-android-4.9/prebuilt/linux-x86_64/bin/../lib/gcc/aarch64-linux-android/4.9.x/../../../../aarch64-linux-android/bin/ld: cannot find -lc
/opt/android-ndk/toolchains/aarch64-linux-android-4.9/prebuilt/linux-x86_64/bin/../lib/gcc/aarch64-linux-android/4.9.x/../../../../aarch64-linux-android/bin/ld: cannot find -ldl
/opt/android-ndk/toolchains/aarch64-linux-android-4.9/prebuilt/linux-x86_64/bin/../lib/gcc/aarch64-linux-android/4.9.x/../../../../aarch64-linux-android/bin/ld: cannot find crtend_android.o: Aucun fichier ou dossier de ce type
collect2: error: ld returned 1 exit status


