Compiling the C compiler identification source file "CMakeCCompilerId.c" failed.
Compiler: /opt/android-ndk/toolchains/arm-linux-androideabi-4.9/prebuilt/linux-x86_64/bin/arm-linux-androideabi-gcc 
Build flags: 
Id flags:  

The output was:
1
/opt/android-ndk/toolchains/arm-linux-androideabi-4.9/prebuilt/linux-x86_64/bin/../lib/gcc/arm-linux-androideabi/4.9.x/../../../../arm-linux-androideabi/bin/ld: error: cannot open crtbegin_dynamic.o: Aucun fichier ou dossier de ce type
/opt/android-ndk/toolchains/arm-linux-androideabi-4.9/prebuilt/linux-x86_64/bin/../lib/gcc/arm-linux-androideabi/4.9.x/../../../../arm-linux-androideabi/bin/ld: error: cannot open crtend_android.o: Aucun fichier ou dossier de ce type
/opt/android-ndk/toolchains/arm-linux-androideabi-4.9/prebuilt/linux-x86_64/bin/../lib/gcc/arm-linux-androideabi/4.9.x/../../../../arm-linux-androideabi/bin/ld: error: cannot find -lc
/opt/android-ndk/toolchains/arm-linux-androideabi-4.9/prebuilt/linux-x86_64/bin/../lib/gcc/arm-linux-androideabi/4.9.x/../../../../arm-linux-androideabi/bin/ld: error: cannot find -ldl
collect2: error: ld returned 1 exit status


Compiling the CXX compiler identification source file "CMakeCXXCompilerId.cpp" failed.
Compiler: /opt/android-ndk/toolchains/arm-linux-androideabi-4.9/prebuilt/linux-x86_64/bin/arm-linux-androideabi-g++ 
Build flags: 
Id flags:  

The output was:
1
/opt/android-ndk/toolchains/arm-linux-androideabi-4.9/prebuilt/linux-x86_64/bin/../lib/gcc/arm-linux-androideabi/4.9.x/../../../../arm-linux-androideabi/bin/ld: error: cannot open crtbegin_dynamic.o: Aucun fichier ou dossier de ce type
/opt/android-ndk/toolchains/arm-linux-androideabi-4.9/prebuilt/linux-x86_64/bin/../lib/gcc/arm-linux-androideabi/4.9.x/../../../../arm-linux-androideabi/bin/ld: error: cannot open crtend_android.o: Aucun fichier ou dossier de ce type
/opt/android-ndk/toolchains/arm-linux-androideabi-4.9/prebuilt/linux-x86_64/bin/../lib/gcc/arm-linux-androideabi/4.9.x/../../../../arm-linux-androideabi/bin/ld: error: cannot find -lstdc++
/opt/android-ndk/toolchains/arm-linux-androideabi-4.9/prebuilt/linux-x86_64/bin/../lib/gcc/arm-linux-androideabi/4.9.x/../../../../arm-linux-androideabi/bin/ld: error: cannot find -lm
/opt/android-ndk/toolchains/arm-linux-androideabi-4.9/prebuilt/linux-x86_64/bin/../lib/gcc/arm-linux-androideabi/4.9.x/../../../../arm-linux-androideabi/bin/ld: error: cannot find -lc
/opt/android-ndk/toolchains/arm-linux-androideabi-4.9/prebuilt/linux-x86_64/bin/../lib/gcc/arm-linux-androideabi/4.9.x/../../../../arm-linux-androideabi/bin/ld: error: cannot find -ldl
collect2: error: ld returned 1 exit status


