Determining if the pthread_create exist failed with the following output:
Change Dir: /home/lcausin/tmp/Cooking/LINUX/x86/CMakeFiles/CMakeTmp

Run Build Command:"/usr/bin/make" "cmTC_721fd/fast"
/usr/bin/make -f CMakeFiles/cmTC_721fd.dir/build.make CMakeFiles/cmTC_721fd.dir/build
make[1] : on entre dans le répertoire « /home/lcausin/tmp/Cooking/LINUX/x86/CMakeFiles/CMakeTmp »
Building C object CMakeFiles/cmTC_721fd.dir/CheckSymbolExists.c.o
/usr/bin/cc    -o CMakeFiles/cmTC_721fd.dir/CheckSymbolExists.c.o   -c /home/lcausin/tmp/Cooking/LINUX/x86/CMakeFiles/CMakeTmp/CheckSymbolExists.c
Linking C executable cmTC_721fd
/usr/bin/cmake -E cmake_link_script CMakeFiles/cmTC_721fd.dir/link.txt --verbose=1
/usr/bin/cc      -rdynamic CMakeFiles/cmTC_721fd.dir/CheckSymbolExists.c.o  -o cmTC_721fd 
/usr/bin/ld: CMakeFiles/cmTC_721fd.dir/CheckSymbolExists.c.o: in function `main':
CheckSymbolExists.c:(.text+0x1b): undefined reference to `pthread_create'
collect2: error: ld returned 1 exit status
make[1]: *** [CMakeFiles/cmTC_721fd.dir/build.make:87: cmTC_721fd] Error 1
make[1] : on quitte le répertoire « /home/lcausin/tmp/Cooking/LINUX/x86/CMakeFiles/CMakeTmp »
make: *** [Makefile:121: cmTC_721fd/fast] Error 2

File /home/lcausin/tmp/Cooking/LINUX/x86/CMakeFiles/CMakeTmp/CheckSymbolExists.c:
/* */
#include <pthread.h>

int main(int argc, char** argv)
{
  (void)argv;
#ifndef pthread_create
  return ((int*)(&pthread_create))[argc];
#else
  (void)argc;
  return 0;
#endif
}

Determining if the function pthread_create exists in the pthreads failed with the following output:
Change Dir: /home/lcausin/tmp/Cooking/LINUX/x86/CMakeFiles/CMakeTmp

Run Build Command:"/usr/bin/make" "cmTC_ee8e6/fast"
/usr/bin/make -f CMakeFiles/cmTC_ee8e6.dir/build.make CMakeFiles/cmTC_ee8e6.dir/build
make[1] : on entre dans le répertoire « /home/lcausin/tmp/Cooking/LINUX/x86/CMakeFiles/CMakeTmp »
Building C object CMakeFiles/cmTC_ee8e6.dir/CheckFunctionExists.c.o
/usr/bin/cc   -DCHECK_FUNCTION_EXISTS=pthread_create   -o CMakeFiles/cmTC_ee8e6.dir/CheckFunctionExists.c.o   -c /usr/share/cmake-3.12/Modules/CheckFunctionExists.c
Linking C executable cmTC_ee8e6
/usr/bin/cmake -E cmake_link_script CMakeFiles/cmTC_ee8e6.dir/link.txt --verbose=1
/usr/bin/cc  -DCHECK_FUNCTION_EXISTS=pthread_create    -rdynamic CMakeFiles/cmTC_ee8e6.dir/CheckFunctionExists.c.o  -o cmTC_ee8e6 -lpthreads 
/usr/bin/ld : ne peut trouver -lpthreads
collect2: error: ld returned 1 exit status
make[1]: *** [CMakeFiles/cmTC_ee8e6.dir/build.make:87: cmTC_ee8e6] Error 1
make[1] : on quitte le répertoire « /home/lcausin/tmp/Cooking/LINUX/x86/CMakeFiles/CMakeTmp »
make: *** [Makefile:121: cmTC_ee8e6/fast] Error 2


